<?xml version="1.0" encoding="UTF-8"?>
<!-- Generated by org.testng.reporters.JUnitXMLReporter -->
<testsuite hostname="kp-PC" ignored="0" name="Test" tests="2" failures="2" timestamp="07 Jun 2018 05:36:03 GMT" time="64.231" errors="0">
  <testcase name="loginAndLogout" time="29.355" classname="testcases.TC001_Paypal">
    <failure type="java.lang.RuntimeException">
      <![CDATA[java.lang.RuntimeException
at utils.Reporter.reportStep(Reporter.java:60)
at utils.Reporter.reportStep(Reporter.java:70)
at wdMethods.SeMethods.type(SeMethods.java:120)
at pages.AccountSignPage.TypeEmail(AccountSignPage.java:40)
at testcases.TC001_Paypal.loginAndLogout(TC001_Paypal.java:28)
... Removed 29 stack frames]]>
    </failure>
  </testcase> <!-- loginAndLogout -->
  <testcase name="loginAndLogout" time="16.874" classname="testcases.TC001_Paypal">
    <failure type="java.lang.RuntimeException">
      <![CDATA[java.lang.RuntimeException
at utils.Reporter.reportStep(Reporter.java:60)
at utils.Reporter.reportStep(Reporter.java:70)
at wdMethods.SeMethods.selectDropDownUsingText(SeMethods.java:189)
at pages.AccountSignPage.SelectCountry(AccountSignPage.java:35)
at testcases.TC001_Paypal.loginAndLogout(TC001_Paypal.java:27)
... Removed 29 stack frames]]>
    </failure>
  </testcase> <!-- loginAndLogout -->
</testsuite> <!-- Test -->
